17:00:26.088 [main] DEBUG api.test.UserTests - debugging.....
17:00:26.107 [main] INFO  api.test.UserTests - ********** Creating user  ***************
17:00:29.108 [main] INFO  api.test.UserTests - **********User is creatged  ***************
17:00:29.119 [main] INFO  api.test.UserTests - ********** Reading User Info ***************
17:00:30.591 [main] INFO  api.test.UserTests - **********User info  is displayed ***************
17:00:30.598 [main] INFO  api.test.UserTests - ********** Updating User ***************
17:00:32.083 [main] INFO  api.test.UserTests - ********** User updated ***************
17:00:33.563 [main] INFO  api.test.UserTests - **********   Deleting User  ***************
17:00:34.945 [main] INFO  api.test.UserTests - ********** User deleted ***************
17:05:34.229 [main] DEBUG api.test.UserTests - debugging.....
17:05:34.283 [main] INFO  api.test.UserTests - ********** Creating user  ***************
17:05:37.216 [main] INFO  api.test.UserTests - **********User is creatged  ***************
17:05:37.226 [main] INFO  api.test.UserTests - ********** Reading User Info ***************
17:05:38.731 [main] INFO  api.test.UserTests - ********** Updating User ***************
17:05:40.189 [main] INFO  api.test.UserTests - ********** User updated ***************
17:05:41.603 [main] INFO  api.test.UserTests - **********   Deleting User  ***************
17:05:43.059 [main] INFO  api.test.UserTests - ********** User deleted ***************
17:06:29.513 [main] DEBUG api.test.UserTests - debugging.....
17:06:29.532 [main] INFO  api.test.UserTests - ********** Creating user  ***************
17:06:32.332 [main] INFO  api.test.UserTests - **********User is creatged  ***************
17:06:32.342 [main] INFO  api.test.UserTests - ********** Reading User Info ***************
17:06:33.813 [main] INFO  api.test.UserTests - ********** Updating User ***************
17:06:35.220 [main] INFO  api.test.UserTests - ********** User updated ***************
17:06:36.676 [main] INFO  api.test.UserTests - **********   Deleting User  ***************
17:06:38.187 [main] INFO  api.test.UserTests - ********** User deleted ***************
20:01:33.645 [main] DEBUG api.test.UserTests2 - debugging.....
20:01:33.774 [main] INFO  api.test.UserTests2 - ********** Creating user  ***************
20:01:40.833 [main] INFO  api.test.UserTests2 - **********User is creatged  ***************
20:01:40.881 [main] INFO  api.test.UserTests2 - ********** Reading User Info ***************
20:01:42.944 [main] INFO  api.test.UserTests2 - ********** Updating User ***************
20:01:45.166 [main] INFO  api.test.UserTests2 - ********** User updated ***************
20:01:47.115 [main] INFO  api.test.UserTests2 - **********   Deleting User  ***************
20:01:49.156 [main] INFO  api.test.UserTests2 - ********** User deleted ***************
20:02:16.215 [main] DEBUG api.test.UserTests2 - debugging.....
20:02:16.279 [main] INFO  api.test.UserTests2 - ********** Creating user  ***************
20:02:23.382 [main] INFO  api.test.UserTests2 - **********User is creatged  ***************
20:02:23.421 [main] INFO  api.test.UserTests2 - ********** Reading User Info ***************
20:02:25.647 [main] INFO  api.test.UserTests2 - ********** Updating User ***************
20:02:27.561 [main] INFO  api.test.UserTests2 - ********** User updated ***************
20:02:29.412 [main] INFO  api.test.UserTests2 - **********   Deleting User  ***************
20:02:31.347 [main] INFO  api.test.UserTests2 - ********** User deleted ***************
20:59:37.596 [main] DEBUG api.test.UserTests2 - debugging.....
20:59:37.656 [main] INFO  api.test.UserTests2 - ********** Creating user  ***************
20:59:43.673 [main] INFO  api.test.UserTests2 - **********User is creatged  ***************
20:59:43.710 [main] INFO  api.test.UserTests2 - ********** Reading User Info ***************
20:59:45.869 [main] INFO  api.test.UserTests2 - ********** Updating User ***************
20:59:47.802 [main] INFO  api.test.UserTests2 - ********** User updated ***************
20:59:49.843 [main] INFO  api.test.UserTests2 - **********   Deleting User  ***************
20:59:51.882 [main] INFO  api.test.UserTests2 - ********** User deleted ***************
21:00:29.848 [main] DEBUG api.test.UserTests2 - debugging.....
21:00:29.868 [main] INFO  api.test.UserTests2 - ********** Creating user  ***************
21:00:35.345 [main] INFO  api.test.UserTests2 - **********User is creatged  ***************
21:00:35.371 [main] INFO  api.test.UserTests2 - ********** Reading User Info ***************
21:00:37.353 [main] INFO  api.test.UserTests2 - **********User info  is displayed ***************
21:00:37.358 [main] INFO  api.test.UserTests2 - ********** Updating User ***************
21:00:39.398 [main] INFO  api.test.UserTests2 - ********** User updated ***************
21:00:41.444 [main] INFO  api.test.UserTests2 - **********   Deleting User  ***************
21:00:43.493 [main] INFO  api.test.UserTests2 - ********** User deleted ***************
21:03:34.176 [main] DEBUG api.test.UserTests - debugging.....
21:03:34.199 [main] INFO  api.test.UserTests - ********** Creating user  ***************
21:03:40.395 [main] INFO  api.test.UserTests - **********User is creatged  ***************
21:03:40.412 [main] INFO  api.test.UserTests - ********** Reading User Info ***************
21:03:42.390 [main] INFO  api.test.UserTests - **********User info  is displayed ***************
21:03:42.394 [main] INFO  api.test.UserTests - ********** Updating User ***************
21:03:44.333 [main] INFO  api.test.UserTests - ********** User updated ***************
21:03:46.383 [main] INFO  api.test.UserTests - **********   Deleting User  ***************
21:03:48.299 [main] INFO  api.test.UserTests - ********** User deleted ***************
21:03:48.348 [main] DEBUG api.test.UserTests2 - debugging.....
21:03:48.349 [main] INFO  api.test.UserTests2 - ********** Creating user  ***************
21:03:50.273 [main] INFO  api.test.UserTests2 - **********User is creatged  ***************
21:03:50.277 [main] INFO  api.test.UserTests2 - ********** Reading User Info ***************
21:03:52.346 [main] INFO  api.test.UserTests2 - ********** Updating User ***************
21:03:54.474 [main] INFO  api.test.UserTests2 - ********** User updated ***************
21:03:56.418 [main] INFO  api.test.UserTests2 - **********   Deleting User  ***************
21:03:59.077 [main] DEBUG org.apache.poi.openxml4j.opc.PackageRelationshipCollection - Parsing relationship: /xl/_rels/workbook.xml.rels
21:03:59.086 [main] DEBUG org.apache.poi.openxml4j.opc.PackageRelationshipCollection - Parsing relationship: /xl/worksheets/_rels/sheet1.xml.rels
21:03:59.090 [main] DEBUG org.apache.poi.openxml4j.opc.PackageRelationshipCollection - Parsing relationship: /_rels/.rels
21:04:00.095 [main] DEBUG org.apache.poi.openxml4j.opc.PackageRelationshipCollection - Parsing relationship: /xl/_rels/workbook.xml.rels
21:04:00.096 [main] DEBUG org.apache.poi.openxml4j.opc.PackageRelationshipCollection - Parsing relationship: /xl/worksheets/_rels/sheet1.xml.rels
21:04:00.097 [main] DEBUG org.apache.poi.openxml4j.opc.PackageRelationshipCollection - Parsing relationship: /_rels/.rels
21:04:00.128 [main] DEBUG org.apache.poi.openxml4j.opc.PackageRelationshipCollection - Parsing relationship: /xl/_rels/workbook.xml.rels
21:04:00.129 [main] DEBUG org.apache.poi.openxml4j.opc.PackageRelationshipCollection - Parsing relationship: /xl/worksheets/_rels/sheet1.xml.rels
21:04:00.130 [main] DEBUG org.apache.poi.openxml4j.opc.PackageRelationshipCollection - Parsing relationship: /_rels/.rels
21:04:00.210 [main] DEBUG org.apache.poi.openxml4j.opc.PackageRelationshipCollection - Parsing relationship: /xl/_rels/workbook.xml.rels
21:04:00.211 [main] DEBUG org.apache.poi.openxml4j.opc.PackageRelationshipCollection - Parsing relationship: /xl/worksheets/_rels/sheet1.xml.rels
21:04:00.213 [main] DEBUG org.apache.poi.openxml4j.opc.PackageRelationshipCollection - Parsing relationship: /_rels/.rels
21:04:00.248 [main] DEBUG org.apache.poi.openxml4j.opc.PackageRelationshipCollection - Parsing relationship: /xl/_rels/workbook.xml.rels
21:04:00.249 [main] DEBUG org.apache.poi.openxml4j.opc.PackageRelationshipCollection - Parsing relationship: /xl/worksheets/_rels/sheet1.xml.rels
21:04:00.249 [main] DEBUG org.apache.poi.openxml4j.opc.PackageRelationshipCollection - Parsing relationship: /_rels/.rels
21:04:00.282 [main] DEBUG org.apache.poi.openxml4j.opc.PackageRelationshipCollection - Parsing relationship: /xl/_rels/workbook.xml.rels
21:04:00.285 [main] DEBUG org.apache.poi.openxml4j.opc.PackageRelationshipCollection - Parsing relationship: /xl/worksheets/_rels/sheet1.xml.rels
21:04:00.286 [main] DEBUG org.apache.poi.openxml4j.opc.PackageRelationshipCollection - Parsing relationship: /_rels/.rels
21:04:00.311 [main] DEBUG org.apache.poi.openxml4j.opc.PackageRelationshipCollection - Parsing relationship: /xl/_rels/workbook.xml.rels
21:04:00.312 [main] DEBUG org.apache.poi.openxml4j.opc.PackageRelationshipCollection - Parsing relationship: /xl/worksheets/_rels/sheet1.xml.rels
21:04:00.313 [main] DEBUG org.apache.poi.openxml4j.opc.PackageRelationshipCollection - Parsing relationship: /_rels/.rels
21:04:00.343 [main] DEBUG org.apache.poi.openxml4j.opc.PackageRelationshipCollection - Parsing relationship: /xl/_rels/workbook.xml.rels
21:04:00.344 [main] DEBUG org.apache.poi.openxml4j.opc.PackageRelationshipCollection - Parsing relationship: /xl/worksheets/_rels/sheet1.xml.rels
21:04:00.345 [main] DEBUG org.apache.poi.openxml4j.opc.PackageRelationshipCollection - Parsing relationship: /_rels/.rels
21:04:00.373 [main] DEBUG org.apache.poi.openxml4j.opc.PackageRelationshipCollection - Parsing relationship: /xl/_rels/workbook.xml.rels
21:04:00.373 [main] DEBUG org.apache.poi.openxml4j.opc.PackageRelationshipCollection - Parsing relationship: /xl/worksheets/_rels/sheet1.xml.rels
21:04:00.375 [main] DEBUG org.apache.poi.openxml4j.opc.PackageRelationshipCollection - Parsing relationship: /_rels/.rels
21:04:00.401 [main] DEBUG org.apache.poi.openxml4j.opc.PackageRelationshipCollection - Parsing relationship: /xl/_rels/workbook.xml.rels
21:04:00.402 [main] DEBUG org.apache.poi.openxml4j.opc.PackageRelationshipCollection - Parsing relationship: /xl/worksheets/_rels/sheet1.xml.rels
21:04:00.402 [main] DEBUG org.apache.poi.openxml4j.opc.PackageRelationshipCollection - Parsing relationship: /_rels/.rels
21:04:00.425 [main] DEBUG org.apache.poi.openxml4j.opc.PackageRelationshipCollection - Parsing relationship: /xl/_rels/workbook.xml.rels
21:04:00.426 [main] DEBUG org.apache.poi.openxml4j.opc.PackageRelationshipCollection - Parsing relationship: /xl/worksheets/_rels/sheet1.xml.rels
21:04:00.428 [main] DEBUG org.apache.poi.openxml4j.opc.PackageRelationshipCollection - Parsing relationship: /_rels/.rels
21:04:00.448 [main] DEBUG org.apache.poi.openxml4j.opc.PackageRelationshipCollection - Parsing relationship: /xl/_rels/workbook.xml.rels
21:04:00.449 [main] DEBUG org.apache.poi.openxml4j.opc.PackageRelationshipCollection - Parsing relationship: /xl/worksheets/_rels/sheet1.xml.rels
21:04:00.449 [main] DEBUG org.apache.poi.openxml4j.opc.PackageRelationshipCollection - Parsing relationship: /_rels/.rels
21:04:00.472 [main] DEBUG org.apache.poi.openxml4j.opc.PackageRelationshipCollection - Parsing relationship: /xl/_rels/workbook.xml.rels
21:04:00.474 [main] DEBUG org.apache.poi.openxml4j.opc.PackageRelationshipCollection - Parsing relationship: /xl/worksheets/_rels/sheet1.xml.rels
21:04:00.475 [main] DEBUG org.apache.poi.openxml4j.opc.PackageRelationshipCollection - Parsing relationship: /_rels/.rels
21:04:00.501 [main] DEBUG org.apache.poi.openxml4j.opc.PackageRelationshipCollection - Parsing relationship: /xl/_rels/workbook.xml.rels
21:04:00.502 [main] DEBUG org.apache.poi.openxml4j.opc.PackageRelationshipCollection - Parsing relationship: /xl/worksheets/_rels/sheet1.xml.rels
21:04:00.504 [main] DEBUG org.apache.poi.openxml4j.opc.PackageRelationshipCollection - Parsing relationship: /_rels/.rels
21:04:00.535 [main] DEBUG org.apache.poi.openxml4j.opc.PackageRelationshipCollection - Parsing relationship: /xl/_rels/workbook.xml.rels
21:04:00.536 [main] DEBUG org.apache.poi.openxml4j.opc.PackageRelationshipCollection - Parsing relationship: /xl/worksheets/_rels/sheet1.xml.rels
21:04:00.538 [main] DEBUG org.apache.poi.openxml4j.opc.PackageRelationshipCollection - Parsing relationship: /_rels/.rels
21:04:00.569 [main] DEBUG org.apache.poi.openxml4j.opc.PackageRelationshipCollection - Parsing relationship: /xl/_rels/workbook.xml.rels
21:04:00.569 [main] DEBUG org.apache.poi.openxml4j.opc.PackageRelationshipCollection - Parsing relationship: /xl/worksheets/_rels/sheet1.xml.rels
21:04:00.571 [main] DEBUG org.apache.poi.openxml4j.opc.PackageRelationshipCollection - Parsing relationship: /_rels/.rels
21:04:00.603 [main] DEBUG org.apache.poi.openxml4j.opc.PackageRelationshipCollection - Parsing relationship: /xl/_rels/workbook.xml.rels
21:04:00.605 [main] DEBUG org.apache.poi.openxml4j.opc.PackageRelationshipCollection - Parsing relationship: /xl/worksheets/_rels/sheet1.xml.rels
21:04:00.606 [main] DEBUG org.apache.poi.openxml4j.opc.PackageRelationshipCollection - Parsing relationship: /_rels/.rels
21:04:00.638 [main] DEBUG org.apache.poi.openxml4j.opc.PackageRelationshipCollection - Parsing relationship: /xl/_rels/workbook.xml.rels
21:04:00.639 [main] DEBUG org.apache.poi.openxml4j.opc.PackageRelationshipCollection - Parsing relationship: /xl/worksheets/_rels/sheet1.xml.rels
21:04:00.641 [main] DEBUG org.apache.poi.openxml4j.opc.PackageRelationshipCollection - Parsing relationship: /_rels/.rels
21:04:00.670 [main] DEBUG org.apache.poi.openxml4j.opc.PackageRelationshipCollection - Parsing relationship: /xl/_rels/workbook.xml.rels
21:04:00.671 [main] DEBUG org.apache.poi.openxml4j.opc.PackageRelationshipCollection - Parsing relationship: /xl/worksheets/_rels/sheet1.xml.rels
21:04:00.672 [main] DEBUG org.apache.poi.openxml4j.opc.PackageRelationshipCollection - Parsing relationship: /_rels/.rels
21:04:00.705 [main] DEBUG org.apache.poi.openxml4j.opc.PackageRelationshipCollection - Parsing relationship: /xl/_rels/workbook.xml.rels
21:04:00.707 [main] DEBUG org.apache.poi.openxml4j.opc.PackageRelationshipCollection - Parsing relationship: /xl/worksheets/_rels/sheet1.xml.rels
21:04:00.708 [main] DEBUG org.apache.poi.openxml4j.opc.PackageRelationshipCollection - Parsing relationship: /_rels/.rels
21:04:00.743 [main] DEBUG org.apache.poi.openxml4j.opc.PackageRelationshipCollection - Parsing relationship: /xl/_rels/workbook.xml.rels
21:04:00.744 [main] DEBUG org.apache.poi.openxml4j.opc.PackageRelationshipCollection - Parsing relationship: /xl/worksheets/_rels/sheet1.xml.rels
21:04:00.745 [main] DEBUG org.apache.poi.openxml4j.opc.PackageRelationshipCollection - Parsing relationship: /_rels/.rels
21:04:00.779 [main] DEBUG org.apache.poi.openxml4j.opc.PackageRelationshipCollection - Parsing relationship: /xl/_rels/workbook.xml.rels
21:04:00.782 [main] DEBUG org.apache.poi.openxml4j.opc.PackageRelationshipCollection - Parsing relationship: /xl/worksheets/_rels/sheet1.xml.rels
21:04:00.784 [main] DEBUG org.apache.poi.openxml4j.opc.PackageRelationshipCollection - Parsing relationship: /_rels/.rels
21:04:00.830 [main] DEBUG org.apache.poi.openxml4j.opc.PackageRelationshipCollection - Parsing relationship: /xl/_rels/workbook.xml.rels
21:04:00.831 [main] DEBUG org.apache.poi.openxml4j.opc.PackageRelationshipCollection - Parsing relationship: /xl/worksheets/_rels/sheet1.xml.rels
21:04:00.832 [main] DEBUG org.apache.poi.openxml4j.opc.PackageRelationshipCollection - Parsing relationship: /_rels/.rels
21:04:06.875 [main] DEBUG org.apache.poi.openxml4j.opc.PackageRelationshipCollection - Parsing relationship: /xl/_rels/workbook.xml.rels
21:04:06.877 [main] DEBUG org.apache.poi.openxml4j.opc.PackageRelationshipCollection - Parsing relationship: /xl/worksheets/_rels/sheet1.xml.rels
21:04:06.879 [main] DEBUG org.apache.poi.openxml4j.opc.PackageRelationshipCollection - Parsing relationship: /_rels/.rels
21:04:06.925 [main] DEBUG org.apache.poi.openxml4j.opc.PackageRelationshipCollection - Parsing relationship: /xl/_rels/workbook.xml.rels
21:04:06.926 [main] DEBUG org.apache.poi.openxml4j.opc.PackageRelationshipCollection - Parsing relationship: /xl/worksheets/_rels/sheet1.xml.rels
21:04:06.928 [main] DEBUG org.apache.poi.openxml4j.opc.PackageRelationshipCollection - Parsing relationship: /_rels/.rels
21:04:06.973 [main] DEBUG org.apache.poi.openxml4j.opc.PackageRelationshipCollection - Parsing relationship: /xl/_rels/workbook.xml.rels
21:04:06.974 [main] DEBUG org.apache.poi.openxml4j.opc.PackageRelationshipCollection - Parsing relationship: /xl/worksheets/_rels/sheet1.xml.rels
21:04:06.977 [main] DEBUG org.apache.poi.openxml4j.opc.PackageRelationshipCollection - Parsing relationship: /_rels/.rels
21:04:07.023 [main] DEBUG org.apache.poi.openxml4j.opc.PackageRelationshipCollection - Parsing relationship: /xl/_rels/workbook.xml.rels
21:04:07.024 [main] DEBUG org.apache.poi.openxml4j.opc.PackageRelationshipCollection - Parsing relationship: /xl/worksheets/_rels/sheet1.xml.rels
21:04:07.026 [main] DEBUG org.apache.poi.openxml4j.opc.PackageRelationshipCollection - Parsing relationship: /_rels/.rels
11:25:47.324 [main] DEBUG api.test.UserTests2 - debugging.....
11:25:47.372 [main] INFO  api.test.UserTests2 - ********** Creating user  ***************
11:25:50.385 [main] INFO  api.test.UserTests2 - **********User is creatged  ***************
11:25:50.394 [main] INFO  api.test.UserTests2 - ********** Reading User Info ***************
11:25:51.950 [main] INFO  api.test.UserTests2 - ********** Updating User ***************
11:25:53.411 [main] INFO  api.test.UserTests2 - ********** User updated ***************
11:25:54.906 [main] INFO  api.test.UserTests2 - **********   Deleting User  ***************
11:25:56.378 [main] INFO  api.test.UserTests2 - ********** User deleted ***************
11:28:02.688 [main] DEBUG api.test.UserTests2 - debugging.....
11:28:02.700 [main] INFO  api.test.UserTests2 - ********** Creating user  ***************
11:28:05.627 [main] INFO  api.test.UserTests2 - **********User is creatged  ***************
11:28:05.635 [main] INFO  api.test.UserTests2 - ********** Reading User Info ***************
11:28:07.164 [main] INFO  api.test.UserTests2 - ********** Updating User ***************
11:28:08.662 [main] INFO  api.test.UserTests2 - ********** User updated ***************
11:28:10.121 [main] INFO  api.test.UserTests2 - **********   Deleting User  ***************
11:28:11.587 [main] INFO  api.test.UserTests2 - ********** User deleted ***************
